<?xml version="1.0" encoding="UTF-8"?>
<!-- Generated by org.testng.reporters.JUnitXMLReporter -->
<testsuite ignored="21" hostname="LPTP-DD" failures="0" tests="1" name="Default test" time="24.614" errors="0" timestamp="2023-10-17T22:09:51 EDT">
  <testcase classname="APW_Run.APW_run_TestCases" name="recommandedProduct_Cart" time="15.694"/>
  <testcase classname="APW_Run.APW_run_TestCases" name="searchProduct_verifyCart" time="0.0">
    <ignored/>
  </testcase> <!-- searchProduct_verifyCart -->
  <testcase classname="APW_Run.APW_run_TestCases" name="add_ProductReview" time="0.0">
    <ignored/>
  </testcase> <!-- add_ProductReview -->
  <testcase classname="APW_Run.APW_run_TestCases" name="registration_NewUser" time="0.0">
    <ignored/>
  </testcase> <!-- registration_NewUser -->
  <testcase classname="APW_Run.APW_run_TestCases" name="homepg_contactus" time="0.0">
    <ignored/>
  </testcase> <!-- homepg_contactus -->
  <testcase classname="APW_Run.APW_run_TestCases" name="addproduct_Cart" time="0.0">
    <ignored/>
  </testcase> <!-- addproduct_Cart -->
  <testcase classname="APW_Run.APW_run_TestCases" name="login_invalid_cred" time="0.0">
    <ignored/>
  </testcase> <!-- login_invalid_cred -->
  <testcase classname="APW_Run.APW_run_TestCases" name="login_valid_cred" time="0.0">
    <ignored/>
  </testcase> <!-- login_valid_cred -->
  <testcase classname="APW_Run.APW_run_TestCases" name="quantityprod_cart" time="0.0">
    <ignored/>
  </testcase> <!-- quantityprod_cart -->
  <testcase classname="APW_Run.APW_run_TestCases" name="homepg_testcases" time="0.0">
    <ignored/>
  </testcase> <!-- homepg_testcases -->
  <testcase classname="APW_Run.APW_run_TestCases" name="verify_ProductsBrands" time="0.0">
    <ignored/>
  </testcase> <!-- verify_ProductsBrands -->
  <testcase classname="APW_Run.APW_run_TestCases" name="subscription_Homepage" time="0.0">
    <ignored/>
  </testcase> <!-- subscription_Homepage -->
  <testcase classname="APW_Run.APW_run_TestCases" name="placeOrder_Register_timeofCheckOut" time="0.0">
    <ignored/>
  </testcase> <!-- placeOrder_Register_timeofCheckOut -->
  <testcase classname="APW_Run.APW_run_TestCases" name="placeOrder_Login_BeforeCheckOut" time="0.0">
    <ignored/>
  </testcase> <!-- placeOrder_Login_BeforeCheckOut -->
  <testcase classname="APW_Run.APW_run_TestCases" name="subscription_Cartpage" time="0.0">
    <ignored/>
  </testcase> <!-- subscription_Cartpage -->
  <testcase classname="APW_Run.APW_run_TestCases" name="verify_CatogoryOfProducts" time="0.0">
    <ignored/>
  </testcase> <!-- verify_CatogoryOfProducts -->
  <testcase classname="APW_Run.APW_run_TestCases" name="placeOrder_Register_BeforeCheckOut" time="0.0">
    <ignored/>
  </testcase> <!-- placeOrder_Register_BeforeCheckOut -->
  <testcase classname="APW_Run.APW_run_TestCases" name="viewProduct_productDetails" time="0.0">
    <ignored/>
  </testcase> <!-- viewProduct_productDetails -->
  <testcase classname="APW_Run.APW_run_TestCases" name="reg_existing_email" time="0.0">
    <ignored/>
  </testcase> <!-- reg_existing_email -->
  <testcase classname="APW_Run.APW_run_TestCases" name="remove_ProductFromCart" time="0.0">
    <ignored/>
  </testcase> <!-- remove_ProductFromCart -->
  <testcase classname="APW_Run.APW_run_TestCases" name="product_Search" time="0.0">
    <ignored/>
  </testcase> <!-- product_Search -->
  <testcase classname="APW_Run.APW_run_TestCases" name="logout_user" time="0.0">
    <ignored/>
  </testcase> <!-- logout_user -->
</testsuite> <!-- Default test -->
