<?xml version="1.0" encoding="UTF-8"?>
<testng-results ignored="0" total="1" passed="1" failed="0" skipped="0">
  <reporter-output>
  </reporter-output>
  <suite started-at="2023-10-17T22:09:27 EDT" name="Default suite" finished-at="2023-10-17T22:09:51 EDT" duration-ms="24614">
    <groups>
    </groups>
    <test started-at="2023-10-17T22:09:27 EDT" name="Default test" finished-at="2023-10-17T22:09:51 EDT" duration-ms="24614">
      <class name="APW_Run.APW_run_TestCases">
        <test-method is-config="true" signature="launchBrowser()[pri:0, instance:APW_Run.APW_run_TestCases@18271936]" started-at="2023-10-17T22:09:27 EDT" name="launchBrowser" finished-at="2023-10-17T22:09:36 EDT" duration-ms="8818" status="PASS">
          <reporter-output>
          </reporter-output>
        </test-method> <!-- launchBrowser -->
        <test-method signature="recommandedProduct_Cart()[pri:22, instance:APW_Run.APW_run_TestCases@18271936]" started-at="2023-10-17T22:09:36 EDT" name="recommandedProduct_Cart" finished-at="2023-10-17T22:09:51 EDT" duration-ms="15694" status="PASS">
          <reporter-output>
          </reporter-output>
        </test-method> <!-- recommandedProduct_Cart -->
      </class> <!-- APW_Run.APW_run_TestCases -->
    </test> <!-- Default test -->
  </suite> <!-- Default suite -->
</testng-results>
